{"meta": {"format": 3, "version": "7.12.0", "timestamp": "2025-11-23T16:27:34.869160", "branch_coverage": false, "show_contexts": false}, "files": {"qustodio/__init__.py": {"executed_lines": [1, 3, 5, 6, 8, 9, 10, 11, 13, 14, 15, 21, 23, 25, 28, 30, 31, 33, 35, 38, 40, 41, 43, 45, 48, 50, 51, 53, 56, 57, 59, 61, 62, 69, 71, 72, 73, 75, 76, 77, 79, 80, 81, 83, 84, 91, 106, 107, 110, 120], "summary": {"covered_lines": 48, "num_statements": 51, "percent_covered": 94.11764705882354, "percent_covered_display": "94", "missing_lines": 3, "excluded_lines": 0, "percent_statements_covered": 94.11764705882354, "percent_statements_covered_display": "94"}, "missing_lines": [85, 87, 88], "excluded_lines": [], "functions": {"async_setup_entry": {"executed_lines": [30, 31, 33, 35, 38, 40, 41, 43, 45], "summary": {"covered_lines": 9, "num_statements": 9, "percent_covered": 100.0, "percent_covered_display": "100", "missing_lines": 0, "excluded_lines": 0, "percent_statements_covered": 100.0, "percent_statements_covered_display": "100"}, "missing_lines": [], "excluded_lines": []}, "async_unload_entry": {"executed_lines": [50, 51, 53], "summary": {"covered_lines": 3, "num_statements": 3, "percent_covered": 100.0, "percent_covered_display": "100", "missing_lines": 0, "excluded_lines": 0, "percent_statements_covered": 100.0, "percent_statements_covered_display": "100"}, "missing_lines": [], "excluded_lines": []}, "QustodioDataUpdateCoordinator.__init__": {"executed_lines": [61, 62], "summary": {"covered_lines": 2, "num_statements": 2, "percent_covered": 100.0, "percent_covered_display": "100", "missing_lines": 0, "excluded_lines": 0, "percent_statements_covered": 100.0, "percent_statements_covered_display": "100"}, "missing_lines": [], "excluded_lines": []}, "QustodioDataUpdateCoordinator._async_update_data": {"executed_lines": [71, 72, 73, 75, 76, 77, 79, 80, 81, 83, 84], "summary": {"covered_lines": 11, "num_statements": 14, "percent_covered": 78.57142857142857, "percent_covered_display": "79", "missing_lines": 3, "excluded_lines": 0, "percent_statements_covered": 78.57142857142857, "percent_statements_covered_display": "79"}, "missing_lines": [85, 87, 88], "excluded_lines": []}, "setup_profile_entities": {"executed_lines": [106, 107], "summary": {"covered_lines": 2, "num_statements": 2, "percent_covered": 100.0, "percent_covered_display": "100", "missing_lines": 0, "excluded_lines": 0, "percent_statements_covered": 100.0, "percent_statements_covered_display": "100"}, "missing_lines": [], "excluded_lines": []}, "is_profile_available": {"executed_lines": [120], "summary": {"covered_lines": 1, "num_statements": 1, "percent_covered": 100.0, "percent_covered_display": "100", "missing_lines": 0, "excluded_lines": 0, "percent_statements_covered": 100.0, "percent_statements_covered_display": "100"}, "missing_lines": [], "excluded_lines": []}, "": {"executed_lines": [1, 3, 5, 6, 8, 9, 10, 11, 13, 14, 15, 21, 23, 25, 28, 48, 56, 57, 59, 69, 91, 110], "summary": {"covered_lines": 20, "num_statements": 20, "percent_covered": 100.0, "percent_covered_display": "100", "missing_lines": 0, "excluded_lines": 0, "percent_statements_covered": 100.0, "percent_statements_covered_display": "100"}, "missing_lines": [], "excluded_lines": []}}, "classes": {"QustodioDataUpdateCoordinator": {"executed_lines": [61, 62, 71, 72, 73, 75, 76, 77, 79, 80, 81, 83, 84], "summary": {"covered_lines": 13, "num_statements": 16, "percent_covered": 81.25, "percent_covered_display": "81", "missing_lines": 3, "excluded_lines": 0, "percent_statements_covered": 81.25, "percent_statements_covered_display": "81"}, "missing_lines": [85, 87, 88], "excluded_lines": []}, "": {"executed_lines": [1, 3, 5, 6, 8, 9, 10, 11, 13, 14, 15, 21, 23, 25, 28, 30, 31, 33, 35, 38, 40, 41, 43, 45, 48, 50, 51, 53, 56, 57, 59, 69, 91, 106, 107, 110, 120], "summary": {"covered_lines": 35, "num_statements": 35, "percent_covered": 100.0, "percent_covered_display": "100", "missing_lines": 0, "excluded_lines": 0, "percent_statements_covered": 100.0, "percent_statements_covered_display": "100"}, "missing_lines": [], "excluded_lines": []}}}, "qustodio/config_flow.py": {"executed_lines": [1, 3, 5, 6, 8, 10, 11, 12, 13, 14, 16, 17, 18, 24, 26, 34, 44, 46, 47, 49, 50, 51, 53, 58, 59, 60, 61, 62, 63, 64, 65, 66, 69, 70, 72, 74, 75, 81, 83, 85, 87, 89, 91, 92, 93, 94, 95, 96, 97, 98, 99, 100, 101, 104, 105, 107, 110, 111, 113, 118, 119, 122, 123], "summary": {"covered_lines": 58, "num_statements": 60, "percent_covered": 96.66666666666667, "percent_covered_display": "97", "missing_lines": 2, "excluded_lines": 0, "percent_statements_covered": 96.66666666666667, "percent_statements_covered_display": "97"}, "missing_lines": [79, 115], "excluded_lines": [], "functions": {"validate_input": {"executed_lines": [44, 46, 47, 49, 50, 51, 53, 58, 59, 60, 61, 62, 63, 64, 65, 66], "summary": {"covered_lines": 16, "num_statements": 16, "percent_covered": 100.0, "percent_covered_display": "100", "missing_lines": 0, "excluded_lines": 0, "percent_statements_covered": 100.0, "percent_statements_covered_display": "100"}, "missing_lines": [], "excluded_lines": []}, "ConfigFlow.async_get_options_flow": {"executed_lines": [], "summary": {"covered_lines": 0, "num_statements": 1, "percent_covered": 0.0, "percent_covered_display": "0", "missing_lines": 1, "excluded_lines": 0, "percent_statements_covered": 0.0, "percent_statements_covered_display": "0"}, "missing_lines": [79], "excluded_lines": []}, "ConfigFlow.async_step_reconfigure": {"executed_lines": [83], "summary": {"covered_lines": 1, "num_statements": 1, "percent_covered": 100.0, "percent_covered_display": "100", "missing_lines": 0, "excluded_lines": 0, "percent_statements_covered": 100.0, "percent_statements_covered_display": "100"}, "missing_lines": [], "excluded_lines": []}, "ConfigFlow.is_matching": {"executed_lines": [87], "summary": {"covered_lines": 1, "num_statements": 1, "percent_covered": 100.0, "percent_covered_display": "100", "missing_lines": 0, "excluded_lines": 0, "percent_statements_covered": 100.0, "percent_statements_covered_display": "100"}, "missing_lines": [], "excluded_lines": []}, "ConfigFlow.async_step_user": {"executed_lines": [91, 92, 93, 94, 95, 96, 97, 98, 99, 100, 101, 104, 105, 107], "summary": {"covered_lines": 14, "num_statements": 14, "percent_covered": 100.0, "percent_covered_display": "100", "missing_lines": 0, "excluded_lines": 0, "percent_statements_covered": 100.0, "percent_statements_covered_display": "100"}, "missing_lines": [], "excluded_lines": []}, "OptionsFlowHandler.__init__": {"executed_lines": [], "summary": {"covered_lines": 0, "num_statements": 1, "percent_covered": 0.0, "percent_covered_display": "0", "missing_lines": 1, "excluded_lines": 0, "percent_statements_covered": 0.0, "percent_statements_covered_display": "0"}, "missing_lines": [115], "excluded_lines": []}, "": {"executed_lines": [1, 3, 5, 6, 8, 10, 11, 12, 13, 14, 16, 17, 18, 24, 26, 34, 69, 70, 72, 74, 75, 81, 85, 89, 110, 111, 113, 118, 119, 122, 123], "summary": {"covered_lines": 26, "num_statements": 26, "percent_covered": 100.0, "percent_covered_display": "100", "missing_lines": 0, "excluded_lines": 0, "percent_statements_covered": 100.0, "percent_statements_covered_display": "100"}, "missing_lines": [], "excluded_lines": []}}, "classes": {"ConfigFlow": {"executed_lines": [83, 87, 91, 92, 93, 94, 95, 96, 97, 98, 99, 100, 101, 104, 105, 107], "summary": {"covered_lines": 16, "num_statements": 17, "percent_covered": 94.11764705882354, "percent_covered_display": "94", "missing_lines": 1, "excluded_lines": 0, "percent_statements_covered": 94.11764705882354, "percent_statements_covered_display": "94"}, "missing_lines": [79], "excluded_lines": []}, "OptionsFlowHandler": {"executed_lines": [], "summary": {"covered_lines": 0, "num_statements": 1, "percent_covered": 0.0, "percent_covered_display": "0", "missing_lines": 1, "excluded_lines": 0, "percent_statements_covered": 0.0, "percent_statements_covered_display": "0"}, "missing_lines": [115], "excluded_lines": []}, "CannotConnect": {"executed_lines": [], "summary": {"covered_lines": 0, "num_statements": 0, "percent_covered": 100.0, "percent_covered_display": "100", "missing_lines": 0, "excluded_lines": 0, "percent_statements_covered": 100.0, "percent_statements_covered_display": "100"}, "missing_lines": [], "excluded_lines": []}, "InvalidAuth": {"executed_lines": [], "summary": {"covered_lines": 0, "num_statements": 0, "percent_covered": 100.0, "percent_covered_display": "100", "missing_lines": 0, "excluded_lines": 0, "percent_statements_covered": 100.0, "percent_statements_covered_display": "100"}, "missing_lines": [], "excluded_lines": []}, "": {"executed_lines": [1, 3, 5, 6, 8, 10, 11, 12, 13, 14, 16, 17, 18, 24, 26, 34, 44, 46, 47, 49, 50, 51, 53, 58, 59, 60, 61, 62, 63, 64, 65, 66, 69, 70, 72, 74, 75, 81, 85, 89, 110, 111, 113, 118, 119, 122, 123], "summary": {"covered_lines": 42, "num_statements": 42, "percent_covered": 100.0, "percent_covered_display": "100", "missing_lines": 0, "excluded_lines": 0, "percent_statements_covered": 100.0, "percent_statements_covered_display": "100"}, "missing_lines": [], "excluded_lines": []}}}, "qustodio/const.py": {"executed_lines": [1, 4, 5, 8, 11, 12, 15, 16, 17], "summary": {"covered_lines": 8, "num_statements": 8, "percent_covered": 100.0, "percent_covered_display": "100", "missing_lines": 0, "excluded_lines": 0, "percent_statements_covered": 100.0, "percent_statements_covered_display": "100"}, "missing_lines": [], "excluded_lines": [], "functions": {"": {"executed_lines": [1, 4, 5, 8, 11, 12, 15, 16, 17], "summary": {"covered_lines": 8, "num_statements": 8, "percent_covered": 100.0, "percent_covered_display": "100", "missing_lines": 0, "excluded_lines": 0, "percent_statements_covered": 100.0, "percent_statements_covered_display": "100"}, "missing_lines": [], "excluded_lines": []}}, "classes": {"": {"executed_lines": [1, 4, 5, 8, 11, 12, 15, 16, 17], "summary": {"covered_lines": 8, "num_statements": 8, "percent_covered": 100.0, "percent_covered_display": "100", "missing_lines": 0, "excluded_lines": 0, "percent_statements_covered": 100.0, "percent_statements_covered_display": "100"}, "missing_lines": [], "excluded_lines": []}}}, "qustodio/device_tracker.py": {"executed_lines": [1, 3, 5, 6, 8, 9, 10, 11, 12, 14, 15, 17, 20, 26, 27, 28, 31, 32, 34, 36, 37, 38, 40, 41, 43, 44, 46, 47, 48, 50, 51, 53, 54, 55, 57, 58, 60, 61, 62, 64, 65, 67, 69, 70, 72, 73, 74, 80, 82, 83, 85], "summary": {"covered_lines": 49, "num_statements": 49, "percent_covered": 100.0, "percent_covered_display": "100", "missing_lines": 0, "excluded_lines": 0, "percent_statements_covered": 100.0, "percent_statements_covered_display": "100"}, "missing_lines": [], "excluded_lines": [], "functions": {"async_setup_entry": {"executed_lines": [26, 27, 28], "summary": {"covered_lines": 3, "num_statements": 3, "percent_covered": 100.0, "percent_covered_display": "100", "missing_lines": 0, "excluded_lines": 0, "percent_statements_covered": 100.0, "percent_statements_covered_display": "100"}, "missing_lines": [], "excluded_lines": []}, "QustodioDeviceTracker.__init__": {"executed_lines": [36, 37, 38, 40, 41], "summary": {"covered_lines": 5, "num_statements": 5, "percent_covered": 100.0, "percent_covered_display": "100", "missing_lines": 0, "excluded_lines": 0, "percent_statements_covered": 100.0, "percent_statements_covered_display": "100"}, "missing_lines": [], "excluded_lines": []}, "QustodioDeviceTracker.latitude": {"executed_lines": [46, 47, 48], "summary": {"covered_lines": 3, "num_statements": 3, "percent_covered": 100.0, "percent_covered_display": "100", "missing_lines": 0, "excluded_lines": 0, "percent_statements_covered": 100.0, "percent_statements_covered_display": "100"}, "missing_lines": [], "excluded_lines": []}, "QustodioDeviceTracker.longitude": {"executed_lines": [53, 54, 55], "summary": {"covered_lines": 3, "num_statements": 3, "percent_covered": 100.0, "percent_covered_display": "100", "missing_lines": 0, "excluded_lines": 0, "percent_statements_covered": 100.0, "percent_statements_covered_display": "100"}, "missing_lines": [], "excluded_lines": []}, "QustodioDeviceTracker.location_accuracy": {"executed_lines": [60, 61, 62], "summary": {"covered_lines": 3, "num_statements": 3, "percent_covered": 100.0, "percent_covered_display": "100", "missing_lines": 0, "excluded_lines": 0, "percent_statements_covered": 100.0, "percent_statements_covered_display": "100"}, "missing_lines": [], "excluded_lines": []}, "QustodioDeviceTracker.source_type": {"executed_lines": [67], "summary": {"covered_lines": 1, "num_statements": 1, "percent_covered": 100.0, "percent_covered_display": "100", "missing_lines": 0, "excluded_lines": 0, "percent_statements_covered": 100.0, "percent_statements_covered_display": "100"}, "missing_lines": [], "excluded_lines": []}, "QustodioDeviceTracker.extra_state_attributes": {"executed_lines": [72, 73, 74, 80], "summary": {"covered_lines": 4, "num_statements": 4, "percent_covered": 100.0, "percent_covered_display": "100", "missing_lines": 0, "excluded_lines": 0, "percent_statements_covered": 100.0, "percent_statements_covered_display": "100"}, "missing_lines": [], "excluded_lines": []}, "QustodioDeviceTracker.available": {"executed_lines": [85], "summary": {"covered_lines": 1, "num_statements": 1, "percent_covered": 100.0, "percent_covered_display": "100", "missing_lines": 0, "excluded_lines": 0, "percent_statements_covered": 100.0, "percent_statements_covered_display": "100"}, "missing_lines": [], "excluded_lines": []}, "": {"executed_lines": [1, 3, 5, 6, 8, 9, 10, 11, 12, 14, 15, 17, 20, 31, 32, 34, 43, 44, 50, 51, 57, 58, 64, 65, 69, 70, 82, 83], "summary": {"covered_lines": 26, "num_statements": 26, "percent_covered": 100.0, "percent_covered_display": "100", "missing_lines": 0, "excluded_lines": 0, "percent_statements_covered": 100.0, "percent_statements_covered_display": "100"}, "missing_lines": [], "excluded_lines": []}}, "classes": {"QustodioDeviceTracker": {"executed_lines": [36, 37, 38, 40, 41, 46, 47, 48, 53, 54, 55, 60, 61, 62, 67, 72, 73, 74, 80, 85], "summary": {"covered_lines": 20, "num_statements": 20, "percent_covered": 100.0, "percent_covered_display": "100", "missing_lines": 0, "excluded_lines": 0, "percent_statements_covered": 100.0, "percent_statements_covered_display": "100"}, "missing_lines": [], "excluded_lines": []}, "": {"executed_lines": [1, 3, 5, 6, 8, 9, 10, 11, 12, 14, 15, 17, 20, 26, 27, 28, 31, 32, 34, 43, 44, 50, 51, 57, 58, 64, 65, 69, 70, 82, 83], "summary": {"covered_lines": 29, "num_statements": 29, "percent_covered": 100.0, "percent_covered_display": "100", "missing_lines": 0, "excluded_lines": 0, "percent_statements_covered": 100.0, "percent_statements_covered_display": "100"}, "missing_lines": [], "excluded_lines": []}}}, "qustodio/exceptions.py": {"executed_lines": [1, 4, 5, 8, 9, 12, 13, 16, 17, 20, 21, 24, 25, 27, 29, 30, 33, 34], "summary": {"covered_lines": 10, "num_statements": 10, "percent_covered": 100.0, "percent_covered_display": "100", "missing_lines": 0, "excluded_lines": 0, "percent_statements_covered": 100.0, "percent_statements_covered_display": "100"}, "missing_lines": [], "excluded_lines": [], "functions": {"QustodioAPIError.__init__": {"executed_lines": [29, 30], "summary": {"covered_lines": 2, "num_statements": 2, "percent_covered": 100.0, "percent_covered_display": "100", "missing_lines": 0, "excluded_lines": 0, "percent_statements_covered": 100.0, "percent_statements_covered_display": "100"}, "missing_lines": [], "excluded_lines": []}, "": {"executed_lines": [1, 4, 5, 8, 9, 12, 13, 16, 17, 20, 21, 24, 25, 27, 33, 34], "summary": {"covered_lines": 8, "num_statements": 8, "percent_covered": 100.0, "percent_covered_display": "100", "missing_lines": 0, "excluded_lines": 0, "percent_statements_covered": 100.0, "percent_statements_covered_display": "100"}, "missing_lines": [], "excluded_lines": []}}, "classes": {"QustodioException": {"executed_lines": [], "summary": {"covered_lines": 0, "num_statements": 0, "percent_covered": 100.0, "percent_covered_display": "100", "missing_lines": 0, "excluded_lines": 0, "percent_statements_covered": 100.0, "percent_statements_covered_display": "100"}, "missing_lines": [], "excluded_lines": []}, "QustodioAuthenticationError": {"executed_lines": [], "summary": {"covered_lines": 0, "num_statements": 0, "percent_covered": 100.0, "percent_covered_display": "100", "missing_lines": 0, "excluded_lines": 0, "percent_statements_covered": 100.0, "percent_statements_covered_display": "100"}, "missing_lines": [], "excluded_lines": []}, "QustodioTokenExpiredError": {"executed_lines": [], "summary": {"covered_lines": 0, "num_statements": 0, "percent_covered": 100.0, "percent_covered_display": "100", "missing_lines": 0, "excluded_lines": 0, "percent_statements_covered": 100.0, "percent_statements_covered_display": "100"}, "missing_lines": [], "excluded_lines": []}, "QustodioConnectionError": {"executed_lines": [], "summary": {"covered_lines": 0, "num_statements": 0, "percent_covered": 100.0, "percent_covered_display": "100", "missing_lines": 0, "excluded_lines": 0, "percent_statements_covered": 100.0, "percent_statements_covered_display": "100"}, "missing_lines": [], "excluded_lines": []}, "QustodioRateLimitError": {"executed_lines": [], "summary": {"covered_lines": 0, "num_statements": 0, "percent_covered": 100.0, "percent_covered_display": "100", "missing_lines": 0, "excluded_lines": 0, "percent_statements_covered": 100.0, "percent_statements_covered_display": "100"}, "missing_lines": [], "excluded_lines": []}, "QustodioAPIError": {"executed_lines": [29, 30], "summary": {"covered_lines": 2, "num_statements": 2, "percent_covered": 100.0, "percent_covered_display": "100", "missing_lines": 0, "excluded_lines": 0, "percent_statements_covered": 100.0, "percent_statements_covered_display": "100"}, "missing_lines": [], "excluded_lines": []}, "QustodioDataError": {"executed_lines": [], "summary": {"covered_lines": 0, "num_statements": 0, "percent_covered": 100.0, "percent_covered_display": "100", "missing_lines": 0, "excluded_lines": 0, "percent_statements_covered": 100.0, "percent_statements_covered_display": "100"}, "missing_lines": [], "excluded_lines": []}, "": {"executed_lines": [1, 4, 5, 8, 9, 12, 13, 16, 17, 20, 21, 24, 25, 27, 33, 34], "summary": {"covered_lines": 8, "num_statements": 8, "percent_covered": 100.0, "percent_covered_display": "100", "missing_lines": 0, "excluded_lines": 0, "percent_statements_covered": 100.0, "percent_statements_covered_display": "100"}, "missing_lines": [], "excluded_lines": []}}}, "qustodio/qustodioapi.py": {"executed_lines": [1, 3, 5, 6, 7, 8, 9, 11, 13, 14, 23, 24, 25, 27, 28, 29, 30, 31, 34, 35, 38, 39, 40, 41, 42, 43, 44, 47, 48, 51, 52, 54, 56, 57, 58, 59, 60, 61, 62, 64, 75, 76, 78, 80, 88, 89, 93, 94, 95, 96, 98, 99, 100, 102, 103, 104, 105, 110, 112, 113, 114, 116, 117, 118, 119, 121, 129, 130, 131, 132, 133, 134, 135, 140, 142, 143, 145, 147, 153, 154, 155, 157, 158, 160, 162, 163, 164, 165, 166, 167, 168, 170, 173, 175, 177, 178, 179, 181, 183, 189, 190, 191, 192, 194, 201, 202, 203, 204, 205, 206, 207, 208, 210, 217, 218, 219, 221, 222, 224, 226, 227, 228, 229, 231, 239, 240, 241, 242, 246, 247, 248, 249, 250, 256, 263, 264, 265, 266, 270, 271, 272, 273, 279, 281, 282, 291, 292, 294, 295, 297, 299, 308, 310, 311, 315, 318, 320, 327, 330, 333, 336, 337, 338, 340, 341, 345, 346, 347, 349, 350, 352, 360, 371], "summary": {"covered_lines": 170, "num_statements": 200, "percent_covered": 85.0, "percent_covered_display": "85", "missing_lines": 30, "excluded_lines": 0, "percent_statements_covered": 85.0, "percent_statements_covered_display": "85"}, "missing_lines": [136, 137, 138, 144, 146, 148, 171, 172, 180, 182, 184, 251, 252, 253, 254, 274, 275, 276, 277, 342, 343, 361, 362, 363, 364, 365, 366, 367, 368, 369], "excluded_lines": [], "functions": {"QustodioApi.__init__": {"executed_lines": [56, 57, 58, 59, 60, 61, 62], "summary": {"covered_lines": 7, "num_statements": 7, "percent_covered": 100.0, "percent_covered_display": "100", "missing_lines": 0, "excluded_lines": 0, "percent_statements_covered": 100.0, "percent_statements_covered_display": "100"}, "missing_lines": [], "excluded_lines": []}, "QustodioApi.login": {"executed_lines": [75, 76, 78, 80, 88, 89, 93, 94, 95, 96, 98, 99, 100, 102, 103, 104, 105, 110, 112, 113, 114, 116, 117, 118, 119, 121, 129, 130, 131, 132, 133, 134, 135], "summary": {"covered_lines": 33, "num_statements": 36, "percent_covered": 91.66666666666667, "percent_covered_display": "92", "missing_lines": 3, "excluded_lines": 0, "percent_statements_covered": 91.66666666666667, "percent_statements_covered_display": "92"}, "missing_lines": [136, 137, 138], "excluded_lines": []}, "QustodioApi._fetch_account_info": {"executed_lines": [142, 143, 145, 147, 153, 154, 155, 157, 158], "summary": {"covered_lines": 9, "num_statements": 12, "percent_covered": 75.0, "percent_covered_display": "75", "missing_lines": 3, "excluded_lines": 0, "percent_statements_covered": 75.0, "percent_statements_covered_display": "75"}, "missing_lines": [144, 146, 148], "excluded_lines": []}, "QustodioApi._fetch_devices": {"executed_lines": [162, 163, 164, 165, 166, 167, 168, 170, 173], "summary": {"covered_lines": 9, "num_statements": 11, "percent_covered": 81.81818181818181, "percent_covered_display": "82", "missing_lines": 2, "excluded_lines": 0, "percent_statements_covered": 81.81818181818181, "percent_statements_covered_display": "82"}, "missing_lines": [171, 172], "excluded_lines": []}, "QustodioApi._fetch_profiles": {"executed_lines": [177, 178, 179, 181, 183, 189, 190, 191, 192], "summary": {"covered_lines": 9, "num_statements": 12, "percent_covered": 75.0, "percent_covered_display": "75", "missing_lines": 3, "excluded_lines": 0, "percent_statements_covered": 75.0, "percent_statements_covered_display": "75"}, "missing_lines": [180, 182, 184], "excluded_lines": []}, "QustodioApi._check_device_tampering": {"executed_lines": [201, 202, 203, 204, 205, 206, 207, 208], "summary": {"covered_lines": 8, "num_statements": 8, "percent_covered": 100.0, "percent_covered_display": "100", "missing_lines": 0, "excluded_lines": 0, "percent_statements_covered": 100.0, "percent_statements_covered_display": "100"}, "missing_lines": [], "excluded_lines": []}, "QustodioApi._set_location_data": {"executed_lines": [217, 218, 219, 221, 222, 224, 226, 227, 228, 229], "summary": {"covered_lines": 10, "num_statements": 10, "percent_covered": 100.0, "percent_covered_display": "100", "missing_lines": 0, "excluded_lines": 0, "percent_statements_covered": 100.0, "percent_statements_covered_display": "100"}, "missing_lines": [], "excluded_lines": []}, "QustodioApi._fetch_quota": {"executed_lines": [239, 240, 241, 242, 246, 247, 248, 249, 250], "summary": {"covered_lines": 9, "num_statements": 13, "percent_covered": 69.23076923076923, "percent_covered_display": "69", "missing_lines": 4, "excluded_lines": 0, "percent_statements_covered": 69.23076923076923, "percent_statements_covered_display": "69"}, "missing_lines": [251, 252, 253, 254], "excluded_lines": []}, "QustodioApi._fetch_screen_time": {"executed_lines": [263, 264, 265, 266, 270, 271, 272, 273], "summary": {"covered_lines": 8, "num_statements": 12, "percent_covered": 66.66666666666667, "percent_covered_display": "67", "missing_lines": 4, "excluded_lines": 0, "percent_statements_covered": 66.66666666666667, "percent_statements_covered_display": "67"}, "missing_lines": [274, 275, 276, 277], "excluded_lines": []}, "QustodioApi._process_profile": {"executed_lines": [281, 282, 291, 292, 294, 295, 297], "summary": {"covered_lines": 7, "num_statements": 7, "percent_covered": 100.0, "percent_covered_display": "100", "missing_lines": 0, "excluded_lines": 0, "percent_statements_covered": 100.0, "percent_statements_covered_display": "100"}, "missing_lines": [], "excluded_lines": []}, "QustodioApi.get_data": {"executed_lines": [308, 310, 311, 315, 318, 320, 327, 330, 333, 336, 337, 338, 340, 341, 345, 346, 347, 349, 350, 352, 360, 371], "summary": {"covered_lines": 22, "num_statements": 33, "percent_covered": 66.66666666666667, "percent_covered_display": "67", "missing_lines": 11, "excluded_lines": 0, "percent_statements_covered": 66.66666666666667, "percent_statements_covered_display": "67"}, "missing_lines": [342, 343, 361, 362, 363, 364, 365, 366, 367, 368, 369], "excluded_lines": []}, "": {"executed_lines": [1, 3, 5, 6, 7, 8, 9, 11, 13, 14, 23, 24, 25, 27, 28, 29, 30, 31, 34, 35, 38, 39, 40, 41, 42, 43, 44, 47, 48, 51, 52, 54, 64, 140, 160, 175, 194, 210, 231, 256, 279, 299], "summary": {"covered_lines": 39, "num_statements": 39, "percent_covered": 100.0, "percent_covered_display": "100", "missing_lines": 0, "excluded_lines": 0, "percent_statements_covered": 100.0, "percent_statements_covered_display": "100"}, "missing_lines": [], "excluded_lines": []}}, "classes": {"ProfileContext": {"executed_lines": [], "summary": {"covered_lines": 0, "num_statements": 0, "percent_covered": 100.0, "percent_covered_display": "100", "missing_lines": 0, "excluded_lines": 0, "percent_statements_covered": 100.0, "percent_statements_covered_display": "100"}, "missing_lines": [], "excluded_lines": []}, "QustodioApi": {"executed_lines": [56, 57, 58, 59, 60, 61, 62, 75, 76, 78, 80, 88, 89, 93, 94, 95, 96, 98, 99, 100, 102, 103, 104, 105, 110, 112, 113, 114, 116, 117, 118, 119, 121, 129, 130, 131, 132, 133, 134, 135, 142, 143, 145, 147, 153, 154, 155, 157, 158, 162, 163, 164, 165, 166, 167, 168, 170, 173, 177, 178, 179, 181, 183, 189, 190, 191, 192, 201, 202, 203, 204, 205, 206, 207, 208, 217, 218, 219, 221, 222, 224, 226, 227, 228, 229, 239, 240, 241, 242, 246, 247, 248, 249, 250, 263, 264, 265, 266, 270, 271, 272, 273, 281, 282, 291, 292, 294, 295, 297, 308, 310, 311, 315, 318, 320, 327, 330, 333, 336, 337, 338, 340, 341, 345, 346, 347, 349, 350, 352, 360, 371], "summary": {"covered_lines": 131, "num_statements": 161, "percent_covered": 81.36645962732919, "percent_covered_display": "81", "missing_lines": 30, "excluded_lines": 0, "percent_statements_covered": 81.36645962732919, "percent_statements_covered_display": "81"}, "missing_lines": [136, 137, 138, 144, 146, 148, 171, 172, 180, 182, 184, 251, 252, 253, 254, 274, 275, 276, 277, 342, 343, 361, 362, 363, 364, 365, 366, 367, 368, 369], "excluded_lines": []}, "": {"executed_lines": [1, 3, 5, 6, 7, 8, 9, 11, 13, 14, 23, 24, 25, 27, 28, 29, 30, 31, 34, 35, 38, 39, 40, 41, 42, 43, 44, 47, 48, 51, 52, 54, 64, 140, 160, 175, 194, 210, 231, 256, 279, 299], "summary": {"covered_lines": 39, "num_statements": 39, "percent_covered": 100.0, "percent_covered_display": "100", "missing_lines": 0, "excluded_lines": 0, "percent_statements_covered": 100.0, "percent_statements_covered_display": "100"}, "missing_lines": [], "excluded_lines": []}}}, "qustodio/sensor.py": {"executed_lines": [1, 3, 5, 6, 8, 9, 10, 11, 12, 13, 15, 16, 18, 21, 23, 24, 25, 28, 29, 31, 33, 34, 35, 36, 37, 38, 40, 41, 43, 44, 45, 46, 48, 49, 51, 53, 54, 56, 57, 59, 60, 66, 67, 69, 70, 71, 73, 74, 76, 77, 78, 79, 81, 82, 83, 85, 86, 88, 89, 90, 99, 101, 102, 104], "summary": {"covered_lines": 62, "num_statements": 62, "percent_covered": 100.0, "percent_covered_display": "100", "missing_lines": 0, "excluded_lines": 0, "percent_statements_covered": 100.0, "percent_statements_covered_display": "100"}, "missing_lines": [], "excluded_lines": [], "functions": {"async_setup_entry": {"executed_lines": [23, 24, 25], "summary": {"covered_lines": 3, "num_statements": 3, "percent_covered": 100.0, "percent_covered_display": "100", "missing_lines": 0, "excluded_lines": 0, "percent_statements_covered": 100.0, "percent_statements_covered_display": "100"}, "missing_lines": [], "excluded_lines": []}, "QustodioSensor.__init__": {"executed_lines": [33, 34, 35, 36, 37, 38], "summary": {"covered_lines": 6, "num_statements": 6, "percent_covered": 100.0, "percent_covered_display": "100", "missing_lines": 0, "excluded_lines": 0, "percent_statements_covered": 100.0, "percent_statements_covered_display": "100"}, "missing_lines": [], "excluded_lines": []}, "QustodioSensor.name": {"executed_lines": [43, 44, 45, 46], "summary": {"covered_lines": 4, "num_statements": 4, "percent_covered": 100.0, "percent_covered_display": "100", "missing_lines": 0, "excluded_lines": 0, "percent_statements_covered": 100.0, "percent_statements_covered_display": "100"}, "missing_lines": [], "excluded_lines": []}, "QustodioSensor.attribution": {"executed_lines": [51], "summary": {"covered_lines": 1, "num_statements": 1, "percent_covered": 100.0, "percent_covered_display": "100", "missing_lines": 0, "excluded_lines": 0, "percent_statements_covered": 100.0, "percent_statements_covered_display": "100"}, "missing_lines": [], "excluded_lines": []}, "QustodioSensor.device_info": {"executed_lines": [56, 57, 59, 60], "summary": {"covered_lines": 4, "num_statements": 4, "percent_covered": 100.0, "percent_covered_display": "100", "missing_lines": 0, "excluded_lines": 0, "percent_statements_covered": 100.0, "percent_statements_covered_display": "100"}, "missing_lines": [], "excluded_lines": []}, "QustodioSensor.native_value": {"executed_lines": [69, 70, 71], "summary": {"covered_lines": 3, "num_statements": 3, "percent_covered": 100.0, "percent_covered_display": "100", "missing_lines": 0, "excluded_lines": 0, "percent_statements_covered": 100.0, "percent_statements_covered_display": "100"}, "missing_lines": [], "excluded_lines": []}, "QustodioSensor.icon": {"executed_lines": [76, 77, 78, 79, 81, 82, 83], "summary": {"covered_lines": 7, "num_statements": 7, "percent_covered": 100.0, "percent_covered_display": "100", "missing_lines": 0, "excluded_lines": 0, "percent_statements_covered": 100.0, "percent_statements_covered_display": "100"}, "missing_lines": [], "excluded_lines": []}, "QustodioSensor.extra_state_attributes": {"executed_lines": [88, 89, 90, 99], "summary": {"covered_lines": 4, "num_statements": 4, "percent_covered": 100.0, "percent_covered_display": "100", "missing_lines": 0, "excluded_lines": 0, "percent_statements_covered": 100.0, "percent_statements_covered_display": "100"}, "missing_lines": [], "excluded_lines": []}, "QustodioSensor.available": {"executed_lines": [104], "summary": {"covered_lines": 1, "num_statements": 1, "percent_covered": 100.0, "percent_covered_display": "100", "missing_lines": 0, "excluded_lines": 0, "percent_statements_covered": 100.0, "percent_statements_covered_display": "100"}, "missing_lines": [], "excluded_lines": []}, "": {"executed_lines": [1, 3, 5, 6, 8, 9, 10, 11, 12, 13, 15, 16, 18, 21, 28, 29, 31, 40, 41, 48, 49, 53, 54, 66, 67, 73, 74, 85, 86, 101, 102], "summary": {"covered_lines": 29, "num_statements": 29, "percent_covered": 100.0, "percent_covered_display": "100", "missing_lines": 0, "excluded_lines": 0, "percent_statements_covered": 100.0, "percent_statements_covered_display": "100"}, "missing_lines": [], "excluded_lines": []}}, "classes": {"QustodioSensor": {"executed_lines": [33, 34, 35, 36, 37, 38, 43, 44, 45, 46, 51, 56, 57, 59, 60, 69, 70, 71, 76, 77, 78, 79, 81, 82, 83, 88, 89, 90, 99, 104], "summary": {"covered_lines": 30, "num_statements": 30, "percent_covered": 100.0, "percent_covered_display": "100", "missing_lines": 0, "excluded_lines": 0, "percent_statements_covered": 100.0, "percent_statements_covered_display": "100"}, "missing_lines": [], "excluded_lines": []}, "": {"executed_lines": [1, 3, 5, 6, 8, 9, 10, 11, 12, 13, 15, 16, 18, 21, 23, 24, 25, 28, 29, 31, 40, 41, 48, 49, 53, 54, 66, 67, 73, 74, 85, 86, 101, 102], "summary": {"covered_lines": 32, "num_statements": 32, "percent_covered": 100.0, "percent_covered_display": "100", "missing_lines": 0, "excluded_lines": 0, "percent_statements_covered": 100.0, "percent_statements_covered_display": "100"}, "missing_lines": [], "excluded_lines": []}}}}, "totals": {"covered_lines": 405, "num_statements": 440, "percent_covered": 92.04545454545455, "percent_covered_display": "92", "missing_lines": 35, "excluded_lines": 0, "percent_statements_covered": 92.04545454545455, "percent_statements_covered_display": "92"}}